<?xml version="1.0" encoding="UTF-8"?>
<!-- Generated by org.testng.reporters.JUnitReportReporter -->
<testsuite hostname="LAPTOP-2I3JJ99M" failures="0" tests="1" name="SureFire.SureFireCode" time="5.178" errors="0" timestamp="21 Jan 2023 11:09:24 GMT" skipped="0">
  <testcase classname="SureFire.SureFireCode" name="t1" time="5.178"/>
</testsuite> <!-- SureFire.SureFireCode -->
